<?xml version="1.0" encoding="UTF-8"?>
<testsuite name="com.MyHR.test.MyHrAllTest" time="0.325" tests="17" errors="0" skipped="0" failures="0">
  <properties>
[...]
</properties>
  <testcase name="a_addAJobOffer" classname="com.MyHR.test.MyHrAllTest" time="0.142"/>
  <testcase name="b_fetchJobOfferById" classname="com.MyHR.test.MyHrAllTest" time="0.018"/>
  <testcase name="c_fetchInvalidJobOfferById" classname="com.MyHR.test.MyHrAllTest" time="0.004"/>
  <testcase name="d_addFewMoreJobOffers" classname="com.MyHR.test.MyHrAllTest" time="0.009"/>
  <testcase name="e_fetchAllJobOffers" classname="com.MyHR.test.MyHrAllTest" time="0.021"/>
  <testcase name="f_addExistingJobTitle" classname="com.MyHR.test.MyHrAllTest" time="0.004"/>
  <testcase name="g_applyToAJobOffer" classname="com.MyHR.test.MyHrAllTest" time="0.032"/>
  <testcase name="h_fetchApplicationById" classname="com.MyHR.test.MyHrAllTest" time="0.006"/>
  <testcase name="i_fetchInvalidApplicationById" classname="com.MyHR.test.MyHrAllTest" time="0.004"/>
  <testcase name="j_applyToManyJobs" classname="com.MyHR.test.MyHrAllTest" time="0.022"/>
  <testcase name="k_fetchAllJobApplications" classname="com.MyHR.test.MyHrAllTest" time="0.005"/>
  <testcase name="l_applyToAlreadyAppliedJob" classname="com.MyHR.test.MyHrAllTest" time="0.009"/>
  <testcase name="m_updateApplicationStatus" classname="com.MyHR.test.MyHrAllTest" time="0.021"/>
  <testcase name="n_updateApplicationStatusInvalid" classname="com.MyHR.test.MyHrAllTest" time="0.005"/>
  <testcase name="o_getNoOfApplicationsForJob" classname="com.MyHR.test.MyHrAllTest" time="0.008"/>
  <testcase name="p_deleteAllJobApplications" classname="com.MyHR.test.MyHrAllTest" time="0.008"/>
  <testcase name="q_deleteAllJobOffers" classname="com.MyHR.test.MyHrAllTest" time="0.007"/>
</testsuite>